Arguments: 
  /Users/dengpengks/.nvm/versions/node/v15.11.0/bin/node /Users/dengpengks/.nvm/versions/node/v15.11.0/bin/yarn

PATH: 
  /Users/dengpengks/.nvm/versions/node/v15.11.0/bin:/opt/homebrew/bin:/opt/homebrew/sbin:/usr/local/bin:/usr/bin:/bin:/usr/sbin:/sbin:/Library/Apple/usr/bin

Yarn version: 
  1.22.10

Node version: 
  15.11.0

Platform: 
  darwin x64

Trace: 
  Error: http://ccp.tianti.tg.unicom.local/artifactory/api/npm/sjxt-npm-virtual/@babel/plugin-proposal-export-default-from/-/plugin-proposal-export-default-from-7.12.13.tgz: Request failed "403 Forbidden"
      at ResponseError.ExtendableBuiltin (/Users/dengpengks/.nvm/versions/node/v15.11.0/lib/node_modules/yarn/lib/cli.js:696:66)
      at new ResponseError (/Users/dengpengks/.nvm/versions/node/v15.11.0/lib/node_modules/yarn/lib/cli.js:802:124)
      at Request.<anonymous> (/Users/dengpengks/.nvm/versions/node/v15.11.0/lib/node_modules/yarn/lib/cli.js:67058:16)
      at Request.emit (node:events:378:20)
      at Request.module.exports.Request.onRequestResponse (/Users/dengpengks/.nvm/versions/node/v15.11.0/lib/node_modules/yarn/lib/cli.js:141539:10)
      at ClientRequest.emit (node:events:378:20)
      at HTTPParser.parserOnIncomingClient (node:_http_client:636:27)
      at HTTPParser.parserOnHeadersComplete (node:_http_common:129:17)
      at HTTPParser.execute (<anonymous>)
      at Socket.socketOnData (node:_http_client:502:22)

npm manifest: 
  {
    "name": "union-design-h5",
    "version": "0.0.0",
    "license": "MIT",
    "files": [
      "lib",
      "es"
    ],
    "main": "lib/index.js",
    "module": "es/index.js",
    "typings": "lib/index.d.ts",
    "scripts": {
      "lint": "union-tool run lint source=src/components",
      "compile": "union-tool run compile source=src/components",
      "dev": "union-tool run dev",
      "commit": "npx git-cz",
      "init:commit": "npx commitizen init cz-conventional-changelog --yarn --dev --exact",
      "version": "conventional-changelog -p angular -i CHANGELOG.md -s && git add CHANGELOG.md",
      "predev": "yarn demo",
      "demo": "npx gulp md"
    },
    "dependencies": {
      "@types/classnames": "^2.2.11",
      "@types/react-dom": "^17.0.0",
      "async-validator": "^3.5.1",
      "classnames": "^2.2.6",
      "core-js": "^3.8.3",
      "dayjs": "^1.10.4",
      "gulp-concat": "^2.6.1",
      "omit.js": "^1.0.2",
      "react-app-polyfill": "^2.0.0",
      "react-router-dom": "5.2.0",
      "shallowequal": "^1.1.0",
      "union-design": "0.0.11",
      "union-icons-react": "0.0.3",
      "union-tool": "^0.0.1"
    },
    "devDependencies": {
      "@types/react-router-dom": "^5.1.7",
      "@typescript-eslint/eslint-plugin": "^4.11.1",
      "@typescript-eslint/parser": "^4.11.1",
      "commitizen": "^4.2.2",
      "conventional-changelog-cli": "^2.1.1",
      "del": "^6.0.0",
      "eslint-config-airbnb": "^18.2.1",
      "eslint-import-resolver-typescript": "^2.3.0",
      "eslint-plugin-import": "^2.22.1",
      "eslint-plugin-jsx-a11y": "^6.4.1",
      "eslint-plugin-react": "^7.22.0",
      "eslint-plugin-react-hooks": "^4.2.0",
      "git-cz": "^4.7.0",
      "gulp": "^4.0.2",
      "husky": "^5.1.3",
      "mark-twain": "^2.0.3",
      "react": "^16.8.0",
      "react-dom": "^16.8.0",
      "through2": "^4.0.2",
      "typescript": "^4.1.3"
    },
    "peerDependencies": {
      "react": ">=16.8.0",
      "react-dom": ">=16.8.0"
    },
    "config": {
      "commitizen": {
        "path": "git-cz"
      }
    },
    "engines": {
      "node": ">=10"
    }
  }

yarn manifest: 
  No manifest

Lockfile: 
  No lockfile
